1481419109306	geckodriver	INFO	Listening on 127.0.0.1:41840
1481419110302	mozprofile::profile	INFO	Using profile path /tmp/rust_mozprofile.mDaxdvbRDF0K
1481419110303	geckodriver::marionette	INFO	Starting browser /usr/bin/firefox
1481419110305	geckodriver::marionette	INFO	Connecting to Marionette on localhost:40500
1481419110980	Marionette	INFO	Listening on port 40500
1481419211346	geckodriver	INFO	Listening on 127.0.0.1:54031
1481419212344	mozprofile::profile	INFO	Using profile path /tmp/rust_mozprofile.H2Au6hMUMBTk
1481419212345	geckodriver::marionette	INFO	Starting browser /usr/bin/firefox
1481419212347	geckodriver::marionette	INFO	Connecting to Marionette on localhost:45998
1481419213008	Marionette	INFO	Listening on port 45998
JavaScript warning: https://normandy.cdn.mozilla.net/static/bundles/selfrepair-133d4d7c9de72117ee8e.24ec5279eef1.js, line 7: mutating the [[Prototype]] of an object will cause your code to run very slowly; instead create the object with the correct initial [[Prototype]] value using Object.create
JavaScript error: chrome://marionette/content/listener.js, line 1155: NS_ERROR_FILE_NOT_FOUND: 
JavaScript error: chrome://marionette/content/listener.js, line 1155: NS_ERROR_MALFORMED_URI: 
1481419292237	geckodriver	INFO	Listening on 127.0.0.1:49649
1481419293236	mozprofile::profile	INFO	Using profile path /tmp/rust_mozprofile.ChtzBE4OLNw7
1481419293236	geckodriver::marionette	INFO	Starting browser /usr/bin/firefox
1481419293239	geckodriver::marionette	INFO	Connecting to Marionette on localhost:42679
1481419293908	Marionette	INFO	Listening on port 42679
JavaScript error: chrome://marionette/content/listener.js, line 1155: NS_ERROR_FILE_NOT_FOUND: 
JavaScript warning: https://normandy.cdn.mozilla.net/static/bundles/selfrepair-133d4d7c9de72117ee8e.24ec5279eef1.js, line 7: mutating the [[Prototype]] of an object will cause your code to run very slowly; instead create the object with the correct initial [[Prototype]] value using Object.create
1481419309612	geckodriver	INFO	Listening on 127.0.0.1:34626
1481419310610	mozprofile::profile	INFO	Using profile path /tmp/rust_mozprofile.iS9TsQFhbcK3
1481419310611	geckodriver::marionette	INFO	Starting browser /usr/bin/firefox
1481419310613	geckodriver::marionette	INFO	Connecting to Marionette on localhost:43479
1481419311284	Marionette	INFO	Listening on port 43479
JavaScript warning: https://normandy.cdn.mozilla.net/static/bundles/selfrepair-133d4d7c9de72117ee8e.24ec5279eef1.js, line 7: mutating the [[Prototype]] of an object will cause your code to run very slowly; instead create the object with the correct initial [[Prototype]] value using Object.create
JavaScript error: chrome://marionette/content/listener.js, line 1155: NS_ERROR_FILE_NOT_FOUND: 
1481419559360	geckodriver	INFO	Listening on 127.0.0.1:35338
1481419560360	mozprofile::profile	INFO	Using profile path /tmp/rust_mozprofile.PcgyePH6SsdB
1481419560362	geckodriver::marionette	INFO	Starting browser /usr/bin/firefox
1481419560367	geckodriver::marionette	INFO	Connecting to Marionette on localhost:35603
1481419561033	Marionette	INFO	Listening on port 35603
JavaScript warning: https://normandy.cdn.mozilla.net/static/bundles/selfrepair-133d4d7c9de72117ee8e.24ec5279eef1.js, line 7: mutating the [[Prototype]] of an object will cause your code to run very slowly; instead create the object with the correct initial [[Prototype]] value using Object.create
JavaScript error: chrome://marionette/content/listener.js, line 1155: NS_ERROR_FILE_NOT_FOUND: 
JavaScript warning: http://a.espncdn.com/redesign/0.328.7/js/espn-critical.js, line 24: mutating the [[Prototype]] of an object will cause your code to run very slowly; instead create the object with the correct initial [[Prototype]] value using Object.create
Vector smash protection is enabled.
JavaScript warning: https://s0.2mdn.net/ads/richmedia/studio/pv2/46733967/20161130081607516/gwd_webcomponents_min.js, line 11: mutating the [[Prototype]] of an object will cause your code to run very slowly; instead create the object with the correct initial [[Prototype]] value using Object.create
JavaScript warning: https://tags.bkrtx.com/js/bk-coretag.js, line 2: flags argument of String.prototype.{search,match,replace} is deprecated
JavaScript warning: https://d3qxwzhswv93jk.cloudfront.net/esf.js, line 1: mutating the [[Prototype]] of an object will cause your code to run very slowly; instead create the object with the correct initial [[Prototype]] value using Object.create
1481419760544	geckodriver	INFO	Listening on 127.0.0.1:46432
1481419761540	mozprofile::profile	INFO	Using profile path /tmp/rust_mozprofile.WwGkBryK1LpY
1481419761540	geckodriver::marionette	INFO	Starting browser /usr/bin/firefox
1481419761544	geckodriver::marionette	INFO	Connecting to Marionette on localhost:33751
1481419762208	Marionette	INFO	Listening on port 33751
JavaScript warning: https://normandy.cdn.mozilla.net/static/bundles/selfrepair-133d4d7c9de72117ee8e.24ec5279eef1.js, line 7: mutating the [[Prototype]] of an object will cause your code to run very slowly; instead create the object with the correct initial [[Prototype]] value using Object.create
JavaScript warning: http://a.espncdn.com/redesign/0.328.7/js/espn-critical.js, line 24: mutating the [[Prototype]] of an object will cause your code to run very slowly; instead create the object with the correct initial [[Prototype]] value using Object.create
Vector smash protection is enabled.
JavaScript warning: https://s0.2mdn.net/ads/richmedia/studio/pv2/46733967/20161130081607516/gwd_webcomponents_min.js, line 11: mutating the [[Prototype]] of an object will cause your code to run very slowly; instead create the object with the correct initial [[Prototype]] value using Object.create
JavaScript warning: https://tags.bkrtx.com/js/bk-coretag.js, line 2: flags argument of String.prototype.{search,match,replace} is deprecated
JavaScript warning: https://d3qxwzhswv93jk.cloudfront.net/esf.js, line 1: mutating the [[Prototype]] of an object will cause your code to run very slowly; instead create the object with the correct initial [[Prototype]] value using Object.create
JavaScript warning: http://projects.fivethirtyeight.com/carmelo/js/common.js?v=bd372401eda0b3066088c8eacac658d0, line 3: mutating the [[Prototype]] of an object will cause your code to run very slowly; instead create the object with the correct initial [[Prototype]] value using Object.create
JavaScript warning: http://projects.fivethirtyeight.com/carmelo/js/common.js?v=bd372401eda0b3066088c8eacac658d0, line 3: mutating the [[Prototype]] of an object will cause your code to run very slowly; instead create the object with the correct initial [[Prototype]] value using Object.create
JavaScript warning: https://tags.bkrtx.com/js/bk-coretag.js?_=1481420046987, line 2: flags argument of String.prototype.{search,match,replace} is deprecated
JavaScript warning: resource://gre/modules/commonjs/toolkit/loader.js -> resource://gre/modules/commonjs/sdk/system/environment.js, line 15: Proxy.create and Proxy.createFunction are deprecated, use new Proxy instead
JavaScript error: resource://gre/modules/commonjs/toolkit/loader.js -> resource://devtools/server/actors/inspector.js, line 4047: NS_ERROR_ILLEGAL_VALUE: Component returned failure code: 0x80070057 (NS_ERROR_ILLEGAL_VALUE) [inIDeepTreeWalker.parentNode]

(process:13278): GLib-CRITICAL **: g_path_get_basename: assertion 'file_name != NULL' failed
Handler function threw an exception: TypeError: threadActor is null
Stack: TabActor.prototype._windowReady@resource://gre/modules/commonjs/toolkit/loader.js -> resource://devtools/server/actors/webbrowser.js:1734:1
TabActor.prototype._changeTopLevelDocument/<@resource://gre/modules/commonjs/toolkit/loader.js -> resource://devtools/server/actors/webbrowser.js:1671:7
exports.makeInfallible/<@resource://gre/modules/commonjs/toolkit/loader.js -> resource://devtools/shared/ThreadSafeDevToolsUtils.js:101:14
Line: 1734, column: 1
console.error: 
  Handler function threw an exception: TypeError: threadActor is null
Stack: TabActor.prototype._windowReady@resource://gre/modules/commonjs/toolkit/loader.js -> resource://devtools/server/actors/webbrowser.js:1734:1
TabActor.prototype._changeTopLevelDocument/<@resource://gre/modules/commonjs/toolkit/loader.js -> resource://devtools/server/actors/webbrowser.js:1671:7
exports.makeInfallible/<@resource://gre/modules/commonjs/toolkit/loader.js -> resource://devtools/shared/ThreadSafeDevToolsUtils.js:101:14
Line: 1734, column: 1
1483931461570	geckodriver	INFO	Listening on 127.0.0.1:57979
1483931462572	mozprofile::profile	INFO	Using profile path /tmp/rust_mozprofile.JLkm7O9tKBAN
1483931462572	geckodriver::marionette	INFO	Starting browser /usr/bin/firefox
1483931462576	geckodriver::marionette	INFO	Connecting to Marionette on localhost:39798
1483931463266	Marionette	INFO	Listening on port 39798
JavaScript warning: https://projects.fivethirtyeight.com/carmelo/js/common.js?v=bd372401eda0b3066088c8eacac658d0, line 3: mutating the [[Prototype]] of an object will cause your code to run very slowly; instead create the object with the correct initial [[Prototype]] value using Object.create
JavaScript warning: https://tags.bkrtx.com/js/bk-coretag.js?_=1483931467572, line 2: flags argument of String.prototype.{search,match,replace} is deprecated
1483931634964	geckodriver	INFO	Listening on 127.0.0.1:58885
1483931635964	mozprofile::profile	INFO	Using profile path /tmp/rust_mozprofile.Minh1PO6pps9
1483931635967	geckodriver::marionette	INFO	Starting browser /usr/bin/firefox
1483931635972	geckodriver::marionette	INFO	Connecting to Marionette on localhost:34639
1483931636675	Marionette	INFO	Listening on port 34639
JavaScript warning: https://projects.fivethirtyeight.com/carmelo/js/common.js?v=bd372401eda0b3066088c8eacac658d0, line 3: mutating the [[Prototype]] of an object will cause your code to run very slowly; instead create the object with the correct initial [[Prototype]] value using Object.create
JavaScript warning: https://tags.bkrtx.com/js/bk-coretag.js?_=1483931641080, line 2: flags argument of String.prototype.{search,match,replace} is deprecated
1483931726842	geckodriver	INFO	Listening on 127.0.0.1:54805
1483931727840	mozprofile::profile	INFO	Using profile path /tmp/rust_mozprofile.y3NPvdwMg1bE
1483931727841	geckodriver::marionette	INFO	Starting browser /usr/bin/firefox
1483931727843	geckodriver::marionette	INFO	Connecting to Marionette on localhost:45281
1483931728532	Marionette	INFO	Listening on port 45281
JavaScript error: https://espndotcom.tt.omtrdc.net/m2/espndotcom/viztarget?mboxHost=projects.fivethirtyeight.com&mboxSession=1483931732759-378894&mboxPage=1483931733507-37804&screenHeight=1080&screenWidth=1920&browserWidth=1280&browserHeight=879&browserTimeOffset=-360&colorDepth=24&mbox=target-global-mbox&mboxId=0&mboxCount=1&mboxTime=1483910133507&mboxDOMLoaded=false&mboxURL=https%3A%2F%2Fprojects.fivethirtyeight.com%2Fcarmelo%2Fcarmelo-anthony%2F&mboxReferrer=&mboxVersion=44, line 1: TypeError: mboxFactories.get(...).get(...) is undefined
JavaScript warning: https://projects.fivethirtyeight.com/carmelo/js/common.js?v=bd372401eda0b3066088c8eacac658d0, line 3: mutating the [[Prototype]] of an object will cause your code to run very slowly; instead create the object with the correct initial [[Prototype]] value using Object.create
JavaScript warning: https://tags.bkrtx.com/js/bk-coretag.js?_=1483931732744, line 2: flags argument of String.prototype.{search,match,replace} is deprecated
1483931994394	geckodriver	INFO	Listening on 127.0.0.1:57976
1483931995397	mozprofile::profile	INFO	Using profile path /tmp/rust_mozprofile.DutumiN6BDD5
1483931995398	geckodriver::marionette	INFO	Starting browser /usr/bin/firefox
1483931995402	geckodriver::marionette	INFO	Connecting to Marionette on localhost:35564
1483931996090	Marionette	INFO	Listening on port 35564
JavaScript warning: https://projects.fivethirtyeight.com/carmelo/js/common.js?v=bd372401eda0b3066088c8eacac658d0, line 3: mutating the [[Prototype]] of an object will cause your code to run very slowly; instead create the object with the correct initial [[Prototype]] value using Object.create
JavaScript warning: https://tags.bkrtx.com/js/bk-coretag.js?_=1483932000570, line 2: flags argument of String.prototype.{search,match,replace} is deprecated
1483932038619	geckodriver	INFO	Listening on 127.0.0.1:45249
1483932039618	mozprofile::profile	INFO	Using profile path /tmp/rust_mozprofile.XYx9Z6NzaJxr
1483932039619	geckodriver::marionette	INFO	Starting browser /usr/bin/firefox
1483932039621	geckodriver::marionette	INFO	Connecting to Marionette on localhost:45534
1483932040303	Marionette	INFO	Listening on port 45534
JavaScript warning: https://projects.fivethirtyeight.com/carmelo/js/common.js?v=bd372401eda0b3066088c8eacac658d0, line 3: mutating the [[Prototype]] of an object will cause your code to run very slowly; instead create the object with the correct initial [[Prototype]] value using Object.create
JavaScript warning: https://tags.bkrtx.com/js/bk-coretag.js?_=1483932048408, line 2: flags argument of String.prototype.{search,match,replace} is deprecated
1483932126922	geckodriver	INFO	Listening on 127.0.0.1:59737
1483932127920	mozprofile::profile	INFO	Using profile path /tmp/rust_mozprofile.qMZFjWrb8sXh
1483932127921	geckodriver::marionette	INFO	Starting browser /usr/bin/firefox
1483932127924	geckodriver::marionette	INFO	Connecting to Marionette on localhost:46765
1483932128619	Marionette	INFO	Listening on port 46765
JavaScript warning: https://projects.fivethirtyeight.com/carmelo/js/common.js?v=bd372401eda0b3066088c8eacac658d0, line 3: mutating the [[Prototype]] of an object will cause your code to run very slowly; instead create the object with the correct initial [[Prototype]] value using Object.create
JavaScript warning: https://tags.bkrtx.com/js/bk-coretag.js?_=1483932132428, line 2: flags argument of String.prototype.{search,match,replace} is deprecated
1483932242774	geckodriver	INFO	Listening on 127.0.0.1:42470
1483932243775	mozprofile::profile	INFO	Using profile path /tmp/rust_mozprofile.5670EulBhpXI
1483932243777	geckodriver::marionette	INFO	Starting browser /usr/bin/firefox
1483932243782	geckodriver::marionette	INFO	Connecting to Marionette on localhost:34566
1483932244454	Marionette	INFO	Listening on port 34566
JavaScript warning: https://projects.fivethirtyeight.com/carmelo/js/common.js?v=bd372401eda0b3066088c8eacac658d0, line 3: mutating the [[Prototype]] of an object will cause your code to run very slowly; instead create the object with the correct initial [[Prototype]] value using Object.create
JavaScript warning: https://tags.bkrtx.com/js/bk-coretag.js?_=1483932258211, line 2: flags argument of String.prototype.{search,match,replace} is deprecated
1483932308018	geckodriver	INFO	Listening on 127.0.0.1:55355
1483932309018	mozprofile::profile	INFO	Using profile path /tmp/rust_mozprofile.8ia4w3TzYMqN
1483932309019	geckodriver::marionette	INFO	Starting browser /usr/bin/firefox
1483932309022	geckodriver::marionette	INFO	Connecting to Marionette on localhost:44633
1483932309709	Marionette	INFO	Listening on port 44633
JavaScript error: https://espndotcom.tt.omtrdc.net/m2/espndotcom/viztarget?mboxHost=projects.fivethirtyeight.com&mboxSession=1483932335316-170291&mboxPage=1483932336520-576494&screenHeight=1080&screenWidth=1920&browserWidth=1280&browserHeight=879&browserTimeOffset=-360&colorDepth=24&mbox=target-global-mbox&mboxId=0&mboxCount=1&mboxTime=1483910736520&mboxDOMLoaded=false&mboxURL=https%3A%2F%2Fprojects.fivethirtyeight.com%2Fcarmelo%2Fcarmelo-anthony%2F&mboxReferrer=&mboxVersion=44, line 1: TypeError: mboxFactories.get(...).get(...) is undefined
JavaScript warning: https://projects.fivethirtyeight.com/carmelo/js/common.js?v=bd372401eda0b3066088c8eacac658d0, line 3: mutating the [[Prototype]] of an object will cause your code to run very slowly; instead create the object with the correct initial [[Prototype]] value using Object.create
JavaScript error: , line 0: uncaught exception: undefined
JavaScript warning: https://tags.bkrtx.com/js/bk-coretag.js?_=1483932335304, line 2: flags argument of String.prototype.{search,match,replace} is deprecated
1483932371932	addons.productaddons	WARN	Failed downloading XML, status: 0, reason: error
JavaScript error: https://espndotcom.tt.omtrdc.net/m2/espndotcom/viztarget?mboxHost=projects.fivethirtyeight.com&mboxSession=1483932335316-170291&mboxPC=1483932335316-170291.28_40&mboxPage=1483932392309-750493&screenHeight=1080&screenWidth=1920&browserWidth=1280&browserHeight=879&browserTimeOffset=-360&colorDepth=24&mbox=target-global-mbox&mboxId=0&mboxCount=1&mboxTime=1483910792309&mboxDOMLoaded=false&mboxURL=https%3A%2F%2Fprojects.fivethirtyeight.com%2Fcarmelo%2Fcarmelo-anthony%2F&mboxReferrer=&mboxVersion=44, line 1: TypeError: mboxFactories.get(...).get(...) is undefined
JavaScript warning: https://projects.fivethirtyeight.com/carmelo/js/common.js?v=bd372401eda0b3066088c8eacac658d0, line 3: mutating the [[Prototype]] of an object will cause your code to run very slowly; instead create the object with the correct initial [[Prototype]] value using Object.create
JavaScript error: , line 0: uncaught exception: undefined
1483932513670	geckodriver	INFO	Listening on 127.0.0.1:37196
1483932514668	mozprofile::profile	INFO	Using profile path /tmp/rust_mozprofile.Yq9wxaKlzl5w
1483932514669	geckodriver::marionette	INFO	Starting browser /usr/bin/firefox
1483932514672	geckodriver::marionette	INFO	Connecting to Marionette on localhost:37960
1483932515352	Marionette	INFO	Listening on port 37960
JavaScript warning: https://projects.fivethirtyeight.com/carmelo/js/common.js?v=bd372401eda0b3066088c8eacac658d0, line 3: mutating the [[Prototype]] of an object will cause your code to run very slowly; instead create the object with the correct initial [[Prototype]] value using Object.create
JavaScript warning: https://tags.bkrtx.com/js/bk-coretag.js?_=1483932524241, line 2: flags argument of String.prototype.{search,match,replace} is deprecated
1484012933069	geckodriver	INFO	Listening on 127.0.0.1:37256
1484012934072	mozprofile::profile	INFO	Using profile path /tmp/rust_mozprofile.BZdZDryrCvqE
1484012934074	geckodriver::marionette	INFO	Starting browser /usr/bin/firefox
1484012934080	geckodriver::marionette	INFO	Connecting to Marionette on localhost:35582
1484012934784	Marionette	INFO	Listening on port 35582
JavaScript warning: https://projects.fivethirtyeight.com/carmelo/js/common.js?v=bd372401eda0b3066088c8eacac658d0, line 3: mutating the [[Prototype]] of an object will cause your code to run very slowly; instead create the object with the correct initial [[Prototype]] value using Object.create
